<?xml version="1.0" encoding="UTF-8"?>
<!-- Generated by org.testng.reporters.JUnitReportReporter -->
<testsuite hostname="LAPTOP-GTKH5I4T" failures="0" tests="1" name="testClasses.TestClass" time="0.013" errors="0" timestamp="2022-10-01T15:22:29 IST" skipped="0">
  <testcase classname="testClasses.TestClass" name="AppLogin" time="0.013"/>
  <system-out/>
</testsuite> <!-- testClasses.TestClass -->
