<?xml version="1.0" encoding="UTF-8"?>
<!-- Generated by org.testng.reporters.JUnitReportReporter -->
<testsuite hostname="LAPTOP-GTKH5I4T" failures="0" tests="1" name="com.Odoo.UserLogin" time="8.399" errors="0" timestamp="2022-09-30T14:17:22 IST" skipped="0">
  <testcase classname="com.Odoo.UserLogin" name="AppLogin" time="8.399"/>
  <system-out/>
</testsuite> <!-- com.Odoo.UserLogin -->
